<?xml version="1.0" encoding="UTF-8"?>
<testng-results skipped="0" failed="0" total="2" passed="2">
  <reporter-output>
  </reporter-output>
  <suite name="Default suite" duration-ms="70856" started-at="2020-08-02T22:20:20Z" finished-at="2020-08-02T22:21:31Z">
    <groups>
    </groups>
    <test name="Default test" duration-ms="70856" started-at="2020-08-02T22:20:20Z" finished-at="2020-08-02T22:21:31Z">
      <class name="FirstTestNG.NewTest">
        <test-method status="PASS" signature="verifyURL()[pri:0, instance:FirstTestNG.NewTest@3c756e4d]" name="verifyURL" duration-ms="36457" started-at="2020-08-03T03:50:20Z" finished-at="2020-08-03T03:50:56Z">
          <reporter-output>
          </reporter-output>
        </test-method> <!-- verifyURL -->
        <test-method status="PASS" signature="verifyHomepageTitle()[pri:1, instance:FirstTestNG.NewTest@3c756e4d]" name="verifyHomepageTitle" duration-ms="34376" started-at="2020-08-03T03:50:56Z" finished-at="2020-08-03T03:51:31Z">
          <reporter-output>
          </reporter-output>
        </test-method> <!-- verifyHomepageTitle -->
      </class> <!-- FirstTestNG.NewTest -->
    </test> <!-- Default test -->
  </suite> <!-- Default suite -->
</testng-results>
