<?xml version="1.0" encoding="UTF-8"?>
<testng-results skipped="0" failed="0" total="2" passed="2">
  <reporter-output>
  </reporter-output>
  <suite name="Default suite" duration-ms="30822" started-at="2020-08-02T22:39:27Z" finished-at="2020-08-02T22:39:58Z">
    <groups>
    </groups>
    <test name="Default test" duration-ms="30822" started-at="2020-08-02T22:39:27Z" finished-at="2020-08-02T22:39:58Z">
      <class name="FirstTestNG.AnnotationTest">
        <test-method status="PASS" signature="launchBrowser()[pri:0, instance:FirstTestNG.AnnotationTest@32d992b2]" name="launchBrowser" is-config="true" duration-ms="14536" started-at="2020-08-03T04:09:27Z" finished-at="2020-08-03T04:09:42Z">
          <reporter-output>
          </reporter-output>
        </test-method> <!-- launchBrowser -->
        <test-method status="PASS" signature="verifyHomepageTitle()[pri:0, instance:FirstTestNG.AnnotationTest@32d992b2]" name="verifyHomepageTitle" is-config="true" duration-ms="7" started-at="2020-08-03T04:09:42Z" finished-at="2020-08-03T04:09:42Z">
          <reporter-output>
          </reporter-output>
        </test-method> <!-- verifyHomepageTitle -->
        <test-method status="PASS" signature="register()[pri:0, instance:FirstTestNG.AnnotationTest@32d992b2]" name="register" duration-ms="3504" started-at="2020-08-03T04:09:42Z" finished-at="2020-08-03T04:09:45Z">
          <reporter-output>
          </reporter-output>
        </test-method> <!-- register -->
        <test-method status="PASS" signature="goBackToHomepage()[pri:0, instance:FirstTestNG.AnnotationTest@32d992b2]" name="goBackToHomepage" is-config="true" duration-ms="3919" started-at="2020-08-03T04:09:45Z" finished-at="2020-08-03T04:09:49Z">
          <reporter-output>
          </reporter-output>
        </test-method> <!-- goBackToHomepage -->
        <test-method status="PASS" signature="verifyHomepageTitle()[pri:0, instance:FirstTestNG.AnnotationTest@32d992b2]" name="verifyHomepageTitle" is-config="true" duration-ms="7" started-at="2020-08-03T04:09:49Z" finished-at="2020-08-03T04:09:49Z">
          <reporter-output>
          </reporter-output>
        </test-method> <!-- verifyHomepageTitle -->
        <test-method status="PASS" signature="support()[pri:1, instance:FirstTestNG.AnnotationTest@32d992b2]" name="support" duration-ms="3277" started-at="2020-08-03T04:09:49Z" finished-at="2020-08-03T04:09:52Z">
          <reporter-output>
          </reporter-output>
        </test-method> <!-- support -->
        <test-method status="PASS" signature="goBackToHomepage()[pri:0, instance:FirstTestNG.AnnotationTest@32d992b2]" name="goBackToHomepage" is-config="true" duration-ms="3814" started-at="2020-08-03T04:09:52Z" finished-at="2020-08-03T04:09:56Z">
          <reporter-output>
          </reporter-output>
        </test-method> <!-- goBackToHomepage -->
        <test-method status="PASS" signature="terminateBrowser()[pri:0, instance:FirstTestNG.AnnotationTest@32d992b2]" name="terminateBrowser" is-config="true" duration-ms="1735" started-at="2020-08-03T04:09:56Z" finished-at="2020-08-03T04:09:58Z">
          <reporter-output>
          </reporter-output>
        </test-method> <!-- terminateBrowser -->
      </class> <!-- FirstTestNG.AnnotationTest -->
    </test> <!-- Default test -->
  </suite> <!-- Default suite -->
</testng-results>
